<?xml version="1.0" encoding="UTF-8"?>
<!-- Generated by org.testng.reporters.JUnitReportReporter -->
<testsuite hostname="DESKTOP-O2VAEQR" failures="0" tests="1" name="pageobjectmodel.SwagloginTest" time="17.719" errors="0" timestamp="2024-06-27T09:24:54 IST" skipped="0">
  <testcase classname="pageobjectmodel.SwagloginTest" name="verifylogin" time="17.719"/>
</testsuite> <!-- pageobjectmodel.SwagloginTest -->
